{"D:\\CURSOS\\CRUD\\vozy\\crud_test\\index.js": {"path":"D:\\CURSOS\\CRUD\\vozy\\crud_test\\index.js","statementMap":{"0":{"start":{"line":1,"column":12},"end":{"line":1,"column":35}},"1":{"start":{"line":3,"column":15},"end":{"line":5,"column":2}},"2":{"start":{"line":4,"column":1},"end":{"line":4,"column":52}},"3":{"start":{"line":7,"column":0},"end":{"line":7,"column":33}}},"fnMap":{"0":{"name":"(anonymous_0)","decl":{"start":{"line":3,"column":44},"end":{"line":3,"column":45}},"loc":{"start":{"line":3,"column":50},"end":{"line":5,"column":1}},"line":3}},"branchMap":{},"s":{"0":1,"1":1,"2":1,"3":1},"f":{"0":1},"b":{},"_coverageSchema":"1a1c01bbd47fc00a2c39e90264f33305004495a9","hash":"acbf8a017f6c67f93fa70c1649e9c1e001cdbf37"}
,"D:\\CURSOS\\CRUD\\vozy\\crud_test\\__test__\\helpers.js": {"path":"D:\\CURSOS\\CRUD\\vozy\\crud_test\\__test__\\helpers.js","statementMap":{"0":{"start":{"line":1,"column":24},"end":{"line":1,"column":43}},"1":{"start":{"line":2,"column":18},"end":{"line":2,"column":38}},"2":{"start":{"line":3,"column":12},"end":{"line":3,"column":26}},"3":{"start":{"line":4,"column":21},"end":{"line":17,"column":2}},"4":{"start":{"line":18,"column":16},"end":{"line":29,"column":2}},"5":{"start":{"line":31,"column":0},"end":{"line":31,"column":61}}},"fnMap":{},"branchMap":{},"s":{"0":1,"1":1,"2":1,"3":1,"4":1,"5":1},"f":{},"b":{},"_coverageSchema":"1a1c01bbd47fc00a2c39e90264f33305004495a9","hash":"b8e3e953694b75aaae125a113162dfaa7ac0d492"}
,"D:\\CURSOS\\CRUD\\vozy\\crud_test\\src\\app.js": {"path":"D:\\CURSOS\\CRUD\\vozy\\crud_test\\src\\app.js","statementMap":{"0":{"start":{"line":1,"column":16},"end":{"line":1,"column":34}},"1":{"start":{"line":2,"column":21},"end":{"line":2,"column":45}},"2":{"start":{"line":3,"column":15},"end":{"line":3,"column":32}},"3":{"start":{"line":4,"column":13},"end":{"line":4,"column":28}},"4":{"start":{"line":5,"column":12},"end":{"line":5,"column":21}},"5":{"start":{"line":6,"column":15},"end":{"line":6,"column":34}},"6":{"start":{"line":8,"column":0},"end":{"line":8,"column":24}},"7":{"start":{"line":9,"column":0},"end":{"line":9,"column":24}},"8":{"start":{"line":10,"column":0},"end":{"line":10,"column":23}},"9":{"start":{"line":11,"column":0},"end":{"line":11,"column":31}},"10":{"start":{"line":13,"column":0},"end":{"line":13,"column":21}},"11":{"start":{"line":15,"column":0},"end":{"line":20,"column":3}},"12":{"start":{"line":16,"column":16},"end":{"line":16,"column":33}},"13":{"start":{"line":17,"column":17},"end":{"line":17,"column":35}},"14":{"start":{"line":18,"column":1},"end":{"line":18,"column":20}},"15":{"start":{"line":19,"column":1},"end":{"line":19,"column":34}},"16":{"start":{"line":22,"column":0},"end":{"line":22,"column":21}}},"fnMap":{"0":{"name":"(anonymous_0)","decl":{"start":{"line":15,"column":8},"end":{"line":15,"column":9}},"loc":{"start":{"line":15,"column":33},"end":{"line":20,"column":1}},"line":15}},"branchMap":{"0":{"loc":{"start":{"line":16,"column":16},"end":{"line":16,"column":33}},"type":"binary-expr","locations":[{"start":{"line":16,"column":16},"end":{"line":16,"column":26}},{"start":{"line":16,"column":30},"end":{"line":16,"column":33}}],"line":16},"1":{"loc":{"start":{"line":17,"column":17},"end":{"line":17,"column":35}},"type":"binary-expr","locations":[{"start":{"line":17,"column":17},"end":{"line":17,"column":28}},{"start":{"line":17,"column":32},"end":{"line":17,"column":35}}],"line":17}},"s":{"0":1,"1":1,"2":1,"3":1,"4":1,"5":1,"6":1,"7":1,"8":1,"9":1,"10":1,"11":1,"12":0,"13":0,"14":0,"15":0,"16":1},"f":{"0":0},"b":{"0":[0,0],"1":[0,0]},"_coverageSchema":"1a1c01bbd47fc00a2c39e90264f33305004495a9","hash":"41f1a40993ea33ff9e802c4c1e89cea48d026be6"}
,"D:\\CURSOS\\CRUD\\vozy\\crud_test\\src\\controllers\\Posts.js": {"path":"D:\\CURSOS\\CRUD\\vozy\\crud_test\\src\\controllers\\Posts.js","statementMap":{"0":{"start":{"line":1,"column":33},"end":{"line":1,"column":53}},"1":{"start":{"line":3,"column":19},"end":{"line":19,"column":1}},"2":{"start":{"line":4,"column":1},"end":{"line":18,"column":2}},"3":{"start":{"line":5,"column":37},"end":{"line":5,"column":45}},"4":{"start":{"line":6,"column":2},"end":{"line":7,"column":63}},"5":{"start":{"line":7,"column":3},"end":{"line":7,"column":63}},"6":{"start":{"line":8,"column":15},"end":{"line":13,"column":4}},"7":{"start":{"line":14,"column":17},"end":{"line":14,"column":34}},"8":{"start":{"line":15,"column":2},"end":{"line":15,"column":45}},"9":{"start":{"line":17,"column":2},"end":{"line":17,"column":14}},"10":{"start":{"line":21,"column":17},"end":{"line":33,"column":1}},"11":{"start":{"line":22,"column":1},"end":{"line":32,"column":2}},"12":{"start":{"line":23,"column":16},"end":{"line":28,"column":10}},"13":{"start":{"line":29,"column":2},"end":{"line":29,"column":18}},"14":{"start":{"line":31,"column":2},"end":{"line":31,"column":14}},"15":{"start":{"line":35,"column":19},"end":{"line":58,"column":1}},"16":{"start":{"line":36,"column":1},"end":{"line":57,"column":2}},"17":{"start":{"line":37,"column":37},"end":{"line":37,"column":45}},"18":{"start":{"line":38,"column":2},"end":{"line":39,"column":63}},"19":{"start":{"line":39,"column":3},"end":{"line":39,"column":63}},"20":{"start":{"line":40,"column":23},"end":{"line":40,"column":60}},"21":{"start":{"line":41,"column":15},"end":{"line":53,"column":3}},"22":{"start":{"line":54,"column":2},"end":{"line":54,"column":49}},"23":{"start":{"line":56,"column":2},"end":{"line":56,"column":14}},"24":{"start":{"line":60,"column":19},"end":{"line":70,"column":1}},"25":{"start":{"line":61,"column":1},"end":{"line":69,"column":2}},"26":{"start":{"line":62,"column":17},"end":{"line":62,"column":25}},"27":{"start":{"line":63,"column":2},"end":{"line":64,"column":67}},"28":{"start":{"line":64,"column":3},"end":{"line":64,"column":67}},"29":{"start":{"line":65,"column":15},"end":{"line":65,"column":53}},"30":{"start":{"line":66,"column":2},"end":{"line":66,"column":49}},"31":{"start":{"line":68,"column":2},"end":{"line":68,"column":14}},"32":{"start":{"line":72,"column":0},"end":{"line":72,"column":66}}},"fnMap":{"0":{"name":"(anonymous_0)","decl":{"start":{"line":3,"column":19},"end":{"line":3,"column":20}},"loc":{"start":{"line":3,"column":45},"end":{"line":19,"column":1}},"line":3},"1":{"name":"(anonymous_1)","decl":{"start":{"line":21,"column":17},"end":{"line":21,"column":18}},"loc":{"start":{"line":21,"column":43},"end":{"line":33,"column":1}},"line":21},"2":{"name":"(anonymous_2)","decl":{"start":{"line":35,"column":19},"end":{"line":35,"column":20}},"loc":{"start":{"line":35,"column":45},"end":{"line":58,"column":1}},"line":35},"3":{"name":"(anonymous_3)","decl":{"start":{"line":60,"column":19},"end":{"line":60,"column":20}},"loc":{"start":{"line":60,"column":45},"end":{"line":70,"column":1}},"line":60}},"branchMap":{"0":{"loc":{"start":{"line":6,"column":2},"end":{"line":7,"column":63}},"type":"if","locations":[{"start":{"line":6,"column":2},"end":{"line":7,"column":63}},{"start":{"line":6,"column":2},"end":{"line":7,"column":63}}],"line":6},"1":{"loc":{"start":{"line":6,"column":6},"end":{"line":6,"column":35}},"type":"binary-expr","locations":[{"start":{"line":6,"column":6},"end":{"line":6,"column":9}},{"start":{"line":6,"column":13},"end":{"line":6,"column":19}},{"start":{"line":6,"column":23},"end":{"line":6,"column":35}}],"line":6},"2":{"loc":{"start":{"line":38,"column":2},"end":{"line":39,"column":63}},"type":"if","locations":[{"start":{"line":38,"column":2},"end":{"line":39,"column":63}},{"start":{"line":38,"column":2},"end":{"line":39,"column":63}}],"line":38},"3":{"loc":{"start":{"line":38,"column":6},"end":{"line":38,"column":35}},"type":"binary-expr","locations":[{"start":{"line":38,"column":6},"end":{"line":38,"column":9}},{"start":{"line":38,"column":13},"end":{"line":38,"column":19}},{"start":{"line":38,"column":23},"end":{"line":38,"column":35}}],"line":38},"4":{"loc":{"start":{"line":47,"column":12},"end":{"line":47,"column":46}},"type":"cond-expr","locations":[{"start":{"line":47,"column":20},"end":{"line":47,"column":25}},{"start":{"line":47,"column":28},"end":{"line":47,"column":46}}],"line":47},"5":{"loc":{"start":{"line":48,"column":18},"end":{"line":50,"column":32}},"type":"cond-expr","locations":[{"start":{"line":49,"column":8},"end":{"line":49,"column":19}},{"start":{"line":50,"column":8},"end":{"line":50,"column":32}}],"line":48},"6":{"loc":{"start":{"line":63,"column":2},"end":{"line":64,"column":67}},"type":"if","locations":[{"start":{"line":63,"column":2},"end":{"line":64,"column":67}},{"start":{"line":63,"column":2},"end":{"line":64,"column":67}}],"line":63},"7":{"loc":{"start":{"line":63,"column":6},"end":{"line":63,"column":27}},"type":"binary-expr","locations":[{"start":{"line":63,"column":6},"end":{"line":63,"column":9}},{"start":{"line":63,"column":13},"end":{"line":63,"column":27}}],"line":63}},"s":{"0":1,"1":1,"2":3,"3":3,"4":3,"5":1,"6":2,"7":2,"8":2,"9":0,"10":1,"11":12,"12":12,"13":12,"14":0,"15":1,"16":3,"17":3,"18":3,"19":1,"20":2,"21":2,"22":2,"23":0,"24":1,"25":2,"26":2,"27":2,"28":1,"29":1,"30":1,"31":0,"32":1},"f":{"0":3,"1":12,"2":3,"3":2},"b":{"0":[1,2],"1":[3,2,2],"2":[1,2],"3":[3,2,2],"4":[2,0],"5":[2,0],"6":[1,1],"7":[2,2]},"_coverageSchema":"1a1c01bbd47fc00a2c39e90264f33305004495a9","hash":"4fffd28dfc4e828fcaf7c20b31be5fa104791b5c"}
,"D:\\CURSOS\\CRUD\\vozy\\crud_test\\src\\controllers\\Users.js": {"path":"D:\\CURSOS\\CRUD\\vozy\\crud_test\\src\\controllers\\Users.js","statementMap":{"0":{"start":{"line":1,"column":22},"end":{"line":1,"column":42}},"1":{"start":{"line":3,"column":19},"end":{"line":19,"column":1}},"2":{"start":{"line":4,"column":1},"end":{"line":18,"column":2}},"3":{"start":{"line":5,"column":41},"end":{"line":5,"column":49}},"4":{"start":{"line":6,"column":2},"end":{"line":7,"column":59}},"5":{"start":{"line":7,"column":3},"end":{"line":7,"column":59}},"6":{"start":{"line":8,"column":15},"end":{"line":13,"column":4}},"7":{"start":{"line":14,"column":17},"end":{"line":14,"column":34}},"8":{"start":{"line":15,"column":2},"end":{"line":15,"column":45}},"9":{"start":{"line":17,"column":2},"end":{"line":17,"column":14}},"10":{"start":{"line":21,"column":17},"end":{"line":28,"column":1}},"11":{"start":{"line":22,"column":1},"end":{"line":27,"column":2}},"12":{"start":{"line":23,"column":16},"end":{"line":23,"column":38}},"13":{"start":{"line":24,"column":2},"end":{"line":24,"column":18}},"14":{"start":{"line":26,"column":2},"end":{"line":26,"column":14}},"15":{"start":{"line":30,"column":19},"end":{"line":53,"column":1}},"16":{"start":{"line":31,"column":1},"end":{"line":52,"column":2}},"17":{"start":{"line":32,"column":45},"end":{"line":32,"column":53}},"18":{"start":{"line":33,"column":2},"end":{"line":34,"column":59}},"19":{"start":{"line":34,"column":3},"end":{"line":34,"column":59}},"20":{"start":{"line":35,"column":23},"end":{"line":35,"column":60}},"21":{"start":{"line":36,"column":15},"end":{"line":48,"column":3}},"22":{"start":{"line":49,"column":2},"end":{"line":49,"column":49}},"23":{"start":{"line":51,"column":2},"end":{"line":51,"column":14}},"24":{"start":{"line":55,"column":19},"end":{"line":65,"column":1}},"25":{"start":{"line":56,"column":1},"end":{"line":64,"column":2}},"26":{"start":{"line":57,"column":17},"end":{"line":57,"column":25}},"27":{"start":{"line":58,"column":2},"end":{"line":59,"column":67}},"28":{"start":{"line":59,"column":3},"end":{"line":59,"column":67}},"29":{"start":{"line":60,"column":15},"end":{"line":60,"column":53}},"30":{"start":{"line":61,"column":2},"end":{"line":61,"column":49}},"31":{"start":{"line":63,"column":2},"end":{"line":63,"column":14}},"32":{"start":{"line":67,"column":0},"end":{"line":67,"column":66}}},"fnMap":{"0":{"name":"(anonymous_0)","decl":{"start":{"line":3,"column":19},"end":{"line":3,"column":20}},"loc":{"start":{"line":3,"column":45},"end":{"line":19,"column":1}},"line":3},"1":{"name":"(anonymous_1)","decl":{"start":{"line":21,"column":17},"end":{"line":21,"column":18}},"loc":{"start":{"line":21,"column":43},"end":{"line":28,"column":1}},"line":21},"2":{"name":"(anonymous_2)","decl":{"start":{"line":30,"column":19},"end":{"line":30,"column":20}},"loc":{"start":{"line":30,"column":45},"end":{"line":53,"column":1}},"line":30},"3":{"name":"(anonymous_3)","decl":{"start":{"line":55,"column":19},"end":{"line":55,"column":20}},"loc":{"start":{"line":55,"column":45},"end":{"line":65,"column":1}},"line":55}},"branchMap":{"0":{"loc":{"start":{"line":6,"column":2},"end":{"line":7,"column":59}},"type":"if","locations":[{"start":{"line":6,"column":2},"end":{"line":7,"column":59}},{"start":{"line":6,"column":2},"end":{"line":7,"column":59}}],"line":6},"1":{"loc":{"start":{"line":6,"column":6},"end":{"line":6,"column":42}},"type":"binary-expr","locations":[{"start":{"line":6,"column":6},"end":{"line":6,"column":11}},{"start":{"line":6,"column":15},"end":{"line":6,"column":21}},{"start":{"line":6,"column":25},"end":{"line":6,"column":29}},{"start":{"line":6,"column":33},"end":{"line":6,"column":42}}],"line":6},"2":{"loc":{"start":{"line":33,"column":2},"end":{"line":34,"column":59}},"type":"if","locations":[{"start":{"line":33,"column":2},"end":{"line":34,"column":59}},{"start":{"line":33,"column":2},"end":{"line":34,"column":59}}],"line":33},"3":{"loc":{"start":{"line":33,"column":6},"end":{"line":33,"column":49}},"type":"binary-expr","locations":[{"start":{"line":33,"column":6},"end":{"line":33,"column":11}},{"start":{"line":33,"column":15},"end":{"line":33,"column":21}},{"start":{"line":33,"column":25},"end":{"line":33,"column":29}},{"start":{"line":33,"column":33},"end":{"line":33,"column":42}},{"start":{"line":33,"column":46},"end":{"line":33,"column":49}}],"line":33},"4":{"loc":{"start":{"line":42,"column":11},"end":{"line":42,"column":42}},"type":"cond-expr","locations":[{"start":{"line":42,"column":18},"end":{"line":42,"column":22}},{"start":{"line":42,"column":25},"end":{"line":42,"column":42}}],"line":42},"5":{"loc":{"start":{"line":43,"column":12},"end":{"line":43,"column":46}},"type":"cond-expr","locations":[{"start":{"line":43,"column":20},"end":{"line":43,"column":25}},{"start":{"line":43,"column":28},"end":{"line":43,"column":46}}],"line":43},"6":{"loc":{"start":{"line":44,"column":10},"end":{"line":44,"column":38}},"type":"cond-expr","locations":[{"start":{"line":44,"column":16},"end":{"line":44,"column":19}},{"start":{"line":44,"column":22},"end":{"line":44,"column":38}}],"line":44},"7":{"loc":{"start":{"line":45,"column":15},"end":{"line":45,"column":58}},"type":"cond-expr","locations":[{"start":{"line":45,"column":26},"end":{"line":45,"column":34}},{"start":{"line":45,"column":37},"end":{"line":45,"column":58}}],"line":45},"8":{"loc":{"start":{"line":58,"column":2},"end":{"line":59,"column":67}},"type":"if","locations":[{"start":{"line":58,"column":2},"end":{"line":59,"column":67}},{"start":{"line":58,"column":2},"end":{"line":59,"column":67}}],"line":58},"9":{"loc":{"start":{"line":58,"column":6},"end":{"line":58,"column":27}},"type":"binary-expr","locations":[{"start":{"line":58,"column":6},"end":{"line":58,"column":9}},{"start":{"line":58,"column":13},"end":{"line":58,"column":27}}],"line":58}},"s":{"0":1,"1":1,"2":3,"3":3,"4":3,"5":1,"6":2,"7":2,"8":2,"9":0,"10":1,"11":12,"12":12,"13":12,"14":0,"15":1,"16":3,"17":3,"18":3,"19":1,"20":2,"21":2,"22":2,"23":0,"24":1,"25":2,"26":2,"27":2,"28":1,"29":1,"30":1,"31":0,"32":1},"f":{"0":3,"1":12,"2":3,"3":2},"b":{"0":[1,2],"1":[3,3,2,2],"2":[1,2],"3":[3,3,2,2,2],"4":[2,0],"5":[2,0],"6":[2,0],"7":[2,0],"8":[1,1],"9":[2,2]},"_coverageSchema":"1a1c01bbd47fc00a2c39e90264f33305004495a9","hash":"065c09fbf907ec3432e0b312c1529377700fbc41"}
,"D:\\CURSOS\\CRUD\\vozy\\crud_test\\src\\middlewares\\verifyToken.js": {"path":"D:\\CURSOS\\CRUD\\vozy\\crud_test\\src\\middlewares\\verifyToken.js","statementMap":{"0":{"start":{"line":1,"column":12},"end":{"line":1,"column":35}},"1":{"start":{"line":2,"column":0},"end":{"line":2,"column":27}},"2":{"start":{"line":3,"column":20},"end":{"line":3,"column":31}},"3":{"start":{"line":5,"column":20},"end":{"line":20,"column":1}},"4":{"start":{"line":6,"column":1},"end":{"line":19,"column":2}},"5":{"start":{"line":7,"column":16},"end":{"line":7,"column":45}},"6":{"start":{"line":8,"column":2},"end":{"line":12,"column":6}},"7":{"start":{"line":9,"column":3},"end":{"line":12,"column":6}},"8":{"start":{"line":13,"column":18},"end":{"line":13,"column":50}},"9":{"start":{"line":15,"column":2},"end":{"line":15,"column":26}},"10":{"start":{"line":16,"column":2},"end":{"line":16,"column":9}},"11":{"start":{"line":18,"column":2},"end":{"line":18,"column":21}},"12":{"start":{"line":22,"column":0},"end":{"line":22,"column":33}}},"fnMap":{"0":{"name":"(anonymous_0)","decl":{"start":{"line":5,"column":20},"end":{"line":5,"column":21}},"loc":{"start":{"line":5,"column":46},"end":{"line":20,"column":1}},"line":5}},"branchMap":{"0":{"loc":{"start":{"line":8,"column":2},"end":{"line":12,"column":6}},"type":"if","locations":[{"start":{"line":8,"column":2},"end":{"line":12,"column":6}},{"start":{"line":8,"column":2},"end":{"line":12,"column":6}}],"line":8}},"s":{"0":1,"1":1,"2":1,"3":1,"4":0,"5":0,"6":0,"7":0,"8":0,"9":0,"10":0,"11":0,"12":1},"f":{"0":0},"b":{"0":[0,0]},"_coverageSchema":"1a1c01bbd47fc00a2c39e90264f33305004495a9","hash":"ea6075b29db810ed42735be315c0a3ad5ad8856e"}
,"D:\\CURSOS\\CRUD\\vozy\\crud_test\\src\\models\\Posts.js": {"path":"D:\\CURSOS\\CRUD\\vozy\\crud_test\\src\\models\\Posts.js","statementMap":{"0":{"start":{"line":1,"column":17},"end":{"line":1,"column":36}},"1":{"start":{"line":3,"column":0},"end":{"line":14,"column":2}}},"fnMap":{},"branchMap":{},"s":{"0":1,"1":1},"f":{},"b":{},"_coverageSchema":"1a1c01bbd47fc00a2c39e90264f33305004495a9","hash":"044a70cd441e101a8dc60cc497f88cc35e5a7f55"}
,"D:\\CURSOS\\CRUD\\vozy\\crud_test\\src\\models\\Users.js": {"path":"D:\\CURSOS\\CRUD\\vozy\\crud_test\\src\\models\\Users.js","statementMap":{"0":{"start":{"line":1,"column":17},"end":{"line":1,"column":36}},"1":{"start":{"line":3,"column":0},"end":{"line":11,"column":2}}},"fnMap":{},"branchMap":{},"s":{"0":1,"1":1},"f":{},"b":{},"_coverageSchema":"1a1c01bbd47fc00a2c39e90264f33305004495a9","hash":"54e8eac3a577e4f3fc619039df44bf3880c4fff9"}
,"D:\\CURSOS\\CRUD\\vozy\\crud_test\\src\\models\\index.js": {"path":"D:\\CURSOS\\CRUD\\vozy\\crud_test\\src\\models\\index.js","statementMap":{"0":{"start":{"line":1,"column":17},"end":{"line":1,"column":36}},"1":{"start":{"line":2,"column":0},"end":{"line":2,"column":27}},"2":{"start":{"line":4,"column":50},"end":{"line":4,"column":61}},"3":{"start":{"line":6,"column":19},"end":{"line":6,"column":37}},"4":{"start":{"line":7,"column":19},"end":{"line":7,"column":37}},"5":{"start":{"line":9,"column":25},"end":{"line":9,"column":75}},"6":{"start":{"line":11,"column":0},"end":{"line":19,"column":49}},"7":{"start":{"line":18,"column":13},"end":{"line":18,"column":60}},"8":{"start":{"line":19,"column":19},"end":{"line":19,"column":47}},"9":{"start":{"line":21,"column":18},"end":{"line":21,"column":53}},"10":{"start":{"line":22,"column":13},"end":{"line":22,"column":48}},"11":{"start":{"line":24,"column":0},"end":{"line":24,"column":42}}},"fnMap":{"0":{"name":"(anonymous_0)","decl":{"start":{"line":18,"column":7},"end":{"line":18,"column":8}},"loc":{"start":{"line":18,"column":13},"end":{"line":18,"column":60}},"line":18},"1":{"name":"(anonymous_1)","decl":{"start":{"line":19,"column":8},"end":{"line":19,"column":9}},"loc":{"start":{"line":19,"column":19},"end":{"line":19,"column":47}},"line":19}},"branchMap":{"0":{"loc":{"start":{"line":9,"column":25},"end":{"line":9,"column":75}},"type":"cond-expr","locations":[{"start":{"line":9,"column":47},"end":{"line":9,"column":60}},{"start":{"line":9,"column":63},"end":{"line":9,"column":75}}],"line":9}},"s":{"0":1,"1":1,"2":1,"3":1,"4":1,"5":1,"6":1,"7":1,"8":0,"9":1,"10":1,"11":1},"f":{"0":1,"1":0},"b":{"0":[1,0]},"_coverageSchema":"1a1c01bbd47fc00a2c39e90264f33305004495a9","hash":"1ede312c965f0bc97085b42a92229b0e4f7e9918"}
,"D:\\CURSOS\\CRUD\\vozy\\crud_test\\src\\routes\\Posts.js": {"path":"D:\\CURSOS\\CRUD\\vozy\\crud_test\\src\\routes\\Posts.js","statementMap":{"0":{"start":{"line":6,"column":4},"end":{"line":6,"column":35}},"1":{"start":{"line":7,"column":24},"end":{"line":7,"column":61}},"2":{"start":{"line":9,"column":15},"end":{"line":9,"column":42}},"3":{"start":{"line":11,"column":0},"end":{"line":16,"column":21}},"4":{"start":{"line":18,"column":0},"end":{"line":18,"column":24}}},"fnMap":{},"branchMap":{},"s":{"0":1,"1":1,"2":1,"3":1,"4":1},"f":{},"b":{},"_coverageSchema":"1a1c01bbd47fc00a2c39e90264f33305004495a9","hash":"df6b31be39df1ecc66d9576daf2eeaf3b80417a1"}
,"D:\\CURSOS\\CRUD\\vozy\\crud_test\\src\\routes\\Users.js": {"path":"D:\\CURSOS\\CRUD\\vozy\\crud_test\\src\\routes\\Users.js","statementMap":{"0":{"start":{"line":6,"column":4},"end":{"line":6,"column":35}},"1":{"start":{"line":7,"column":24},"end":{"line":7,"column":61}},"2":{"start":{"line":9,"column":15},"end":{"line":9,"column":42}},"3":{"start":{"line":11,"column":0},"end":{"line":16,"column":21}},"4":{"start":{"line":18,"column":0},"end":{"line":18,"column":24}}},"fnMap":{},"branchMap":{},"s":{"0":1,"1":1,"2":1,"3":1,"4":1},"f":{},"b":{},"_coverageSchema":"1a1c01bbd47fc00a2c39e90264f33305004495a9","hash":"03a80b00182d6302c0e79812dcf04041b912d40e"}
,"D:\\CURSOS\\CRUD\\vozy\\crud_test\\src\\routes\\index.js": {"path":"D:\\CURSOS\\CRUD\\vozy\\crud_test\\src\\routes\\index.js","statementMap":{"0":{"start":{"line":1,"column":16},"end":{"line":1,"column":34}},"1":{"start":{"line":2,"column":15},"end":{"line":2,"column":31}},"2":{"start":{"line":3,"column":14},"end":{"line":3,"column":32}},"3":{"start":{"line":4,"column":14},"end":{"line":4,"column":32}},"4":{"start":{"line":6,"column":0},"end":{"line":6,"column":28}},"5":{"start":{"line":7,"column":0},"end":{"line":7,"column":28}},"6":{"start":{"line":9,"column":0},"end":{"line":9,"column":24}}},"fnMap":{},"branchMap":{},"s":{"0":1,"1":1,"2":1,"3":1,"4":1,"5":1,"6":1},"f":{},"b":{},"_coverageSchema":"1a1c01bbd47fc00a2c39e90264f33305004495a9","hash":"eefcf24f60041b202b2f4f0fa1a097de8c2fa6c1"}
}
