TN:
SF:index.js
FN:3,(anonymous_0)
FNF:1
FNH:1
FNDA:1,(anonymous_0)
DA:1,1
DA:3,1
DA:4,1
DA:7,1
LF:4
LH:4
BRF:0
BRH:0
end_of_record
TN:
SF:__test__\helpers.js
FNF:0
FNH:0
DA:1,1
DA:2,1
DA:3,1
DA:4,1
DA:18,1
DA:31,1
LF:6
LH:6
BRF:0
BRH:0
end_of_record
TN:
SF:src\app.js
FN:15,(anonymous_0)
FNF:1
FNH:0
FNDA:0,(anonymous_0)
DA:1,1
DA:2,1
DA:3,1
DA:4,1
DA:5,1
DA:6,1
DA:8,1
DA:9,1
DA:10,1
DA:11,1
DA:13,1
DA:15,1
DA:16,0
DA:17,0
DA:18,0
DA:19,0
DA:22,1
LF:17
LH:13
BRDA:16,0,0,0
BRDA:16,0,1,0
BRDA:17,1,0,0
BRDA:17,1,1,0
BRF:4
BRH:0
end_of_record
TN:
SF:src\controllers\Posts.js
FN:3,(anonymous_0)
FN:21,(anonymous_1)
FN:35,(anonymous_2)
FN:60,(anonymous_3)
FNF:4
FNH:4
FNDA:3,(anonymous_0)
FNDA:12,(anonymous_1)
FNDA:3,(anonymous_2)
FNDA:2,(anonymous_3)
DA:1,1
DA:3,1
DA:4,3
DA:5,3
DA:6,3
DA:7,1
DA:8,2
DA:14,2
DA:15,2
DA:17,0
DA:21,1
DA:22,12
DA:23,12
DA:29,12
DA:31,0
DA:35,1
DA:36,3
DA:37,3
DA:38,3
DA:39,1
DA:40,2
DA:41,2
DA:54,2
DA:56,0
DA:60,1
DA:61,2
DA:62,2
DA:63,2
DA:64,1
DA:65,1
DA:66,1
DA:68,0
DA:72,1
LF:33
LH:29
BRDA:6,0,0,1
BRDA:6,0,1,2
BRDA:6,1,0,3
BRDA:6,1,1,2
BRDA:6,1,2,2
BRDA:38,2,0,1
BRDA:38,2,1,2
BRDA:38,3,0,3
BRDA:38,3,1,2
BRDA:38,3,2,2
BRDA:47,4,0,2
BRDA:47,4,1,0
BRDA:48,5,0,2
BRDA:48,5,1,0
BRDA:63,6,0,1
BRDA:63,6,1,1
BRDA:63,7,0,2
BRDA:63,7,1,2
BRF:18
BRH:16
end_of_record
TN:
SF:src\controllers\Users.js
FN:3,(anonymous_0)
FN:21,(anonymous_1)
FN:30,(anonymous_2)
FN:55,(anonymous_3)
FNF:4
FNH:4
FNDA:3,(anonymous_0)
FNDA:12,(anonymous_1)
FNDA:3,(anonymous_2)
FNDA:2,(anonymous_3)
DA:1,1
DA:3,1
DA:4,3
DA:5,3
DA:6,3
DA:7,1
DA:8,2
DA:14,2
DA:15,2
DA:17,0
DA:21,1
DA:22,12
DA:23,12
DA:24,12
DA:26,0
DA:30,1
DA:31,3
DA:32,3
DA:33,3
DA:34,1
DA:35,2
DA:36,2
DA:49,2
DA:51,0
DA:55,1
DA:56,2
DA:57,2
DA:58,2
DA:59,1
DA:60,1
DA:61,1
DA:63,0
DA:67,1
LF:33
LH:29
BRDA:6,0,0,1
BRDA:6,0,1,2
BRDA:6,1,0,3
BRDA:6,1,1,3
BRDA:6,1,2,2
BRDA:6,1,3,2
BRDA:33,2,0,1
BRDA:33,2,1,2
BRDA:33,3,0,3
BRDA:33,3,1,3
BRDA:33,3,2,2
BRDA:33,3,3,2
BRDA:33,3,4,2
BRDA:42,4,0,2
BRDA:42,4,1,0
BRDA:43,5,0,2
BRDA:43,5,1,0
BRDA:44,6,0,2
BRDA:44,6,1,0
BRDA:45,7,0,2
BRDA:45,7,1,0
BRDA:58,8,0,1
BRDA:58,8,1,1
BRDA:58,9,0,2
BRDA:58,9,1,2
BRF:25
BRH:21
end_of_record
TN:
SF:src\middlewares\verifyToken.js
FN:5,(anonymous_0)
FNF:1
FNH:0
FNDA:0,(anonymous_0)
DA:1,1
DA:2,1
DA:3,1
DA:5,1
DA:6,0
DA:7,0
DA:8,0
DA:9,0
DA:13,0
DA:15,0
DA:16,0
DA:18,0
DA:22,1
LF:13
LH:5
BRDA:8,0,0,0
BRDA:8,0,1,0
BRF:2
BRH:0
end_of_record
TN:
SF:src\models\Posts.js
FNF:0
FNH:0
DA:1,1
DA:3,1
LF:2
LH:2
BRF:0
BRH:0
end_of_record
TN:
SF:src\models\Users.js
FNF:0
FNH:0
DA:1,1
DA:3,1
LF:2
LH:2
BRF:0
BRH:0
end_of_record
TN:
SF:src\models\index.js
FN:18,(anonymous_0)
FN:19,(anonymous_1)
FNF:2
FNH:1
FNDA:1,(anonymous_0)
FNDA:0,(anonymous_1)
DA:1,1
DA:2,1
DA:4,1
DA:6,1
DA:7,1
DA:9,1
DA:11,1
DA:18,1
DA:19,0
DA:21,1
DA:22,1
DA:24,1
LF:12
LH:11
BRDA:9,0,0,1
BRDA:9,0,1,0
BRF:2
BRH:1
end_of_record
TN:
SF:src\routes\Posts.js
FNF:0
FNH:0
DA:6,1
DA:7,1
DA:9,1
DA:11,1
DA:18,1
LF:5
LH:5
BRF:0
BRH:0
end_of_record
TN:
SF:src\routes\Users.js
FNF:0
FNH:0
DA:6,1
DA:7,1
DA:9,1
DA:11,1
DA:18,1
LF:5
LH:5
BRF:0
BRH:0
end_of_record
TN:
SF:src\routes\index.js
FNF:0
FNH:0
DA:1,1
DA:2,1
DA:3,1
DA:4,1
DA:6,1
DA:7,1
DA:9,1
LF:7
LH:7
BRF:0
BRH:0
end_of_record
